  ShaderProgram.cpp
  Matrix.cpp
c:\users\will\desktop\cs3113\final proj in progress\final stage 1\nyucodebase\matrix.cpp(148): warning C4244: '=': conversion from 'double' to 'float', possible loss of data
c:\users\will\desktop\cs3113\final proj in progress\final stage 1\nyucodebase\matrix.cpp(149): warning C4244: '=': conversion from 'double' to 'float', possible loss of data
c:\users\will\desktop\cs3113\final proj in progress\final stage 1\nyucodebase\matrix.cpp(150): warning C4244: '=': conversion from 'double' to 'float', possible loss of data
c:\users\will\desktop\cs3113\final proj in progress\final stage 1\nyucodebase\matrix.cpp(151): warning C4244: '=': conversion from 'double' to 'float', possible loss of data
c:\users\will\desktop\cs3113\final proj in progress\final stage 1\nyucodebase\matrix.cpp(165): warning C4244: '=': conversion from 'double' to 'float', possible loss of data
c:\users\will\desktop\cs3113\final proj in progress\final stage 1\nyucodebase\matrix.cpp(166): warning C4244: '=': conversion from 'double' to 'float', possible loss of data
c:\users\will\desktop\cs3113\final proj in progress\final stage 1\nyucodebase\matrix.cpp(167): warning C4244: '=': conversion from 'double' to 'float', possible loss of data
c:\users\will\desktop\cs3113\final proj in progress\final stage 1\nyucodebase\matrix.cpp(168): warning C4244: '=': conversion from 'double' to 'float', possible loss of data
c:\users\will\desktop\cs3113\final proj in progress\final stage 1\nyucodebase\matrix.cpp(172): warning C4244: '=': conversion from 'double' to 'float', possible loss of data
c:\users\will\desktop\cs3113\final proj in progress\final stage 1\nyucodebase\matrix.cpp(173): warning C4244: '=': conversion from 'double' to 'float', possible loss of data
c:\users\will\desktop\cs3113\final proj in progress\final stage 1\nyucodebase\matrix.cpp(174): warning C4244: '=': conversion from 'double' to 'float', possible loss of data
c:\users\will\desktop\cs3113\final proj in progress\final stage 1\nyucodebase\matrix.cpp(175): warning C4244: '=': conversion from 'double' to 'float', possible loss of data
c:\users\will\desktop\cs3113\final proj in progress\final stage 1\nyucodebase\matrix.cpp(213): warning C4244: 'argument': conversion from 'double' to 'float', possible loss of data
c:\users\will\desktop\cs3113\final proj in progress\final stage 1\nyucodebase\matrix.cpp(214): warning C4244: 'argument': conversion from 'double' to 'float', possible loss of data
  main.cpp
c:\users\will\desktop\cs3113\final proj in progress\final stage 1\nyucodebase\main.cpp(124): warning C4305: 'initializing': truncation from 'double' to 'float'
c:\users\will\desktop\cs3113\final proj in progress\final stage 1\nyucodebase\main.cpp(129): warning C4244: 'initializing': conversion from 'double' to 'float', possible loss of data
c:\users\will\desktop\cs3113\final proj in progress\final stage 1\nyucodebase\main.cpp(130): warning C4244: 'initializing': conversion from 'double' to 'float', possible loss of data
c:\users\will\desktop\cs3113\final proj in progress\final stage 1\nyucodebase\main.cpp(268): warning C4244: 'return': conversion from 'double' to 'float', possible loss of data
c:\users\will\desktop\cs3113\final proj in progress\final stage 1\nyucodebase\main.cpp(298): warning C4244: '+=': conversion from 'double' to 'float', possible loss of data
c:\users\will\desktop\cs3113\final proj in progress\final stage 1\nyucodebase\main.cpp(306): warning C4244: '+=': conversion from 'double' to 'float', possible loss of data
c:\users\will\desktop\cs3113\final proj in progress\final stage 1\nyucodebase\main.cpp(315): warning C4244: '=': conversion from 'float' to 'int', possible loss of data
c:\users\will\desktop\cs3113\final proj in progress\final stage 1\nyucodebase\main.cpp(366): warning C4305: 'argument': truncation from 'double' to 'float'
c:\users\will\desktop\cs3113\final proj in progress\final stage 1\nyucodebase\main.cpp(422): warning C4018: '<': signed/unsigned mismatch
c:\users\will\desktop\cs3113\final proj in progress\final stage 1\nyucodebase\main.cpp(453): warning C4018: '<': signed/unsigned mismatch
c:\users\will\desktop\cs3113\final proj in progress\final stage 1\nyucodebase\main.cpp(455): warning C4018: '<': signed/unsigned mismatch
c:\users\will\desktop\cs3113\final proj in progress\final stage 1\nyucodebase\main.cpp(482): warning C4018: '<': signed/unsigned mismatch
  Generating Code...
  NYUCodebase.vcxproj -> C:\Users\Will\Desktop\CS3113\Final Proj in progress\FInal Stage 1\Debug\NYUCodebase.exe
  NYUCodebase.vcxproj -> C:\Users\Will\Desktop\CS3113\Final Proj in progress\FInal Stage 1\Debug\NYUCodebase.pdb (Full PDB)
